<?xml version="1.0" encoding="UTF-8"?>
<!-- Generated by org.testng.reporters.JUnitReportReporter -->
<testsuite hostname="LAPTOP-QVJH7I2R" name="com.bbc.MavenTestngDemo.AppTest" tests="1" failures="0" timestamp="1 Apr 2018 03:25:59 GMT" time="0.013" errors="0">
  <testcase name="test" time="0.013" classname="com.bbc.MavenTestngDemo.AppTest"/>
</testsuite> <!-- com.bbc.MavenTestngDemo.AppTest -->
