<?xml version="1.0" encoding="UTF-8"?>
<!-- Generated by org.testng.reporters.JUnitReportReporter -->
<testsuite hostname="LAPTOP-QVJH7I2R" name="com.bbc.MavenTestngDemo.mvnTestNg" tests="1" failures="0" timestamp="3 Jun 2018 03:02:21 GMT" time="0.013" errors="0">
  <testcase name="testHelloworld" time="0.013" classname="com.bbc.MavenTestngDemo.mvnTestNg"/>
</testsuite> <!-- com.bbc.MavenTestngDemo.mvnTestNg -->
